[Thu Jul 07 12:56:05.139870 2022] [ssl:warn] [pid 23116:tid 408] AH01909: www.example.com:443:0 server certificate does NOT include an ID which matches the server name
[Thu Jul 07 12:56:05.292008 2022] [ssl:warn] [pid 23116:tid 408] AH01909: www.example.com:443:0 server certificate does NOT include an ID which matches the server name
[Thu Jul 07 12:56:09.803427 2022] [mpm_winnt:notice] [pid 23116:tid 408] AH00455: Apache/2.4.53 (Win64) OpenSSL/1.1.1n PHP/8.1.6 configured -- resuming normal operations
[Thu Jul 07 12:56:09.803427 2022] [mpm_winnt:notice] [pid 23116:tid 408] AH00456: Apache Lounge VS16 Server built: Mar 16 2022 11:26:15
[Thu Jul 07 12:56:09.803427 2022] [core:notice] [pid 23116:tid 408] AH00094: Command line: 'C:\\xampp\\apache\\bin\\httpd.exe -d C:/xampp/apache'
[Thu Jul 07 12:56:09.812436 2022] [mpm_winnt:notice] [pid 23116:tid 408] AH00418: Parent: Created child process 24120
[Thu Jul 07 12:56:10.571124 2022] [ssl:warn] [pid 24120:tid 428] AH01909: www.example.com:443:0 server certificate does NOT include an ID which matches the server name
[Thu Jul 07 12:56:10.729268 2022] [ssl:warn] [pid 24120:tid 428] AH01909: www.example.com:443:0 server certificate does NOT include an ID which matches the server name
[Thu Jul 07 12:56:10.799332 2022] [mpm_winnt:notice] [pid 24120:tid 428] AH00354: Child: Starting 150 worker threads.
[Thu Jul 07 12:57:34.378498 2022] [ssl:warn] [pid 13712:tid 484] AH01909: www.example.com:443:0 server certificate does NOT include an ID which matches the server name
[Thu Jul 07 12:57:34.530636 2022] [ssl:warn] [pid 13712:tid 484] AH01909: www.example.com:443:0 server certificate does NOT include an ID which matches the server name
[Thu Jul 07 12:57:34.593693 2022] [mpm_winnt:notice] [pid 13712:tid 484] AH00455: Apache/2.4.53 (Win64) OpenSSL/1.1.1n PHP/8.1.6 configured -- resuming normal operations
[Thu Jul 07 12:57:34.593693 2022] [mpm_winnt:notice] [pid 13712:tid 484] AH00456: Apache Lounge VS16 Server built: Mar 16 2022 11:26:15
[Thu Jul 07 12:57:34.593693 2022] [core:notice] [pid 13712:tid 484] AH00094: Command line: 'c:\\xampp\\apache\\bin\\httpd.exe -d C:/xampp/apache'
[Thu Jul 07 12:57:34.604703 2022] [mpm_winnt:notice] [pid 13712:tid 484] AH00418: Parent: Created child process 21132
[Thu Jul 07 12:57:35.335367 2022] [ssl:warn] [pid 21132:tid 492] AH01909: www.example.com:443:0 server certificate does NOT include an ID which matches the server name
[Thu Jul 07 12:57:35.487495 2022] [ssl:warn] [pid 21132:tid 492] AH01909: www.example.com:443:0 server certificate does NOT include an ID which matches the server name
[Thu Jul 07 12:57:35.556559 2022] [mpm_winnt:notice] [pid 21132:tid 492] AH00354: Child: Starting 150 worker threads.
[Thu Jul 07 13:28:35.930264 2022] [ssl:warn] [pid 4556:tid 448] AH01909: www.example.com:443:0 server certificate does NOT include an ID which matches the server name
[Thu Jul 07 13:28:36.108563 2022] [core:warn] [pid 4556:tid 448] AH00098: pid file C:/Users/jakel/Documents/GitHub/Team11Project/xampp/apache/logs/httpd.pid overwritten -- Unclean shutdown of previous Apache run?
[Thu Jul 07 13:28:36.112565 2022] [ssl:warn] [pid 4556:tid 448] AH01909: www.example.com:443:0 server certificate does NOT include an ID which matches the server name
[Thu Jul 07 13:28:39.725700 2022] [mpm_winnt:notice] [pid 4556:tid 448] AH00455: Apache/2.4.53 (Win64) OpenSSL/1.1.1n PHP/8.1.6 configured -- resuming normal operations
[Thu Jul 07 13:28:39.725700 2022] [mpm_winnt:notice] [pid 4556:tid 448] AH00456: Apache Lounge VS16 Server built: Mar 16 2022 11:26:15
[Thu Jul 07 13:28:39.725700 2022] [core:notice] [pid 4556:tid 448] AH00094: Command line: 'c:\\users\\jakel\\documents\\github\\team11project\\xampp\\apache\\bin\\httpd.exe -d C:/Users/jakel/Documents/GitHub/Team11Project/xampp/apache'
[Thu Jul 07 13:28:39.733699 2022] [mpm_winnt:notice] [pid 4556:tid 448] AH00418: Parent: Created child process 23160
[Thu Jul 07 13:28:40.330239 2022] [ssl:warn] [pid 23160:tid 420] AH01909: www.example.com:443:0 server certificate does NOT include an ID which matches the server name
[Thu Jul 07 13:28:40.510433 2022] [ssl:warn] [pid 23160:tid 420] AH01909: www.example.com:443:0 server certificate does NOT include an ID which matches the server name
[Thu Jul 07 13:28:40.577484 2022] [mpm_winnt:notice] [pid 23160:tid 420] AH00354: Child: Starting 150 worker threads.
[Fri Jul 08 12:52:01.838287 2022] [ssl:warn] [pid 10624:tid 408] AH01909: www.example.com:443:0 server certificate does NOT include an ID which matches the server name
[Fri Jul 08 12:52:01.931295 2022] [ssl:warn] [pid 10624:tid 408] AH01909: www.example.com:443:0 server certificate does NOT include an ID which matches the server name
[Fri Jul 08 12:52:02.453303 2022] [mpm_winnt:notice] [pid 10624:tid 408] AH00455: Apache/2.4.53 (Win64) OpenSSL/1.1.1n PHP/8.1.6 configured -- resuming normal operations
[Fri Jul 08 12:52:02.453303 2022] [mpm_winnt:notice] [pid 10624:tid 408] AH00456: Apache Lounge VS16 Server built: Mar 16 2022 11:26:15
[Fri Jul 08 12:52:02.453303 2022] [core:notice] [pid 10624:tid 408] AH00094: Command line: 'apache\\bin\\httpd.exe -d C:/Users/jakel/Documents/GitHub/Team11Project/xampp/apache'
[Fri Jul 08 12:52:02.468306 2022] [mpm_winnt:notice] [pid 10624:tid 408] AH00418: Parent: Created child process 14108
Apache server shutdown initiated...
sl:warn] [pid 14108:tid 408] AH01909: www.example.com:443:0 server certificate does NOT include an ID which matches the server name
[Fri Jul 08 12:52:03.076156 2022] [ssl:warn] [pid 14108:tid 408] AH01909: www.example.com:443:0 server certificate does NOT include an ID which matches the server name
[Fri Jul 08 12:52:03.150162 2022] [mpm_winnt:notice] [pid 14108:tid 408] AH00354: Child: Starting 150 worker threads.
[Fri Jul 08 15:25:15.993761 2022] [mpm_winnt:notice] [pid 10624:tid 408] AH00422: Parent: Received shutdown signal -- Shutting down the server.
[Fri Jul 08 15:25:18.013639 2022] [mpm_winnt:notice] [pid 14108:tid 408] AH00364: Child: All worker threads have exited.
[Fri Jul 08 15:25:18.187159 2022] [mpm_winnt:notice] [pid 10624:tid 408] AH00430: Parent: Child process 14108 exited successfully.
[Fri Jul 08 15:25:18.189160 2022] [core:error] [pid 10624:tid 408] (OS 2)The system cannot find the file specified.  : AH00095: failed to remove PID file C:/Users/jakel/Documents/GitHub/Team11Project/xampp/apache/logs/httpd.pid
